<?xml version="1.0" encoding="UTF-8"?>
<!-- Generated by org.testng.reporters.JUnitXMLReporter -->
<testsuite ignored="2" hostname="SRIJIT-PC" failures="0" tests="1" name="Default test" time="2.58" errors="0" timestamp="2025-04-15T22:06:53 IST">
  <testcase classname="com.herokuapp.restfulbooker.CreateBookingTests" name="createBookingWithPOJOandDeserialTest" time="2.231"/>
  <testcase classname="com.herokuapp.restfulbooker.CreateBookingTests" name="createBookingWithPOJOTest" time="0.0">
    <ignored/>
  </testcase> <!-- createBookingWithPOJOTest -->
  <testcase classname="com.herokuapp.restfulbooker.CreateBookingTests" name="createBookingTest" time="0.0">
    <ignored/>
  </testcase> <!-- createBookingTest -->
</testsuite> <!-- Default test -->
