<?xml version="1.0" encoding="UTF-8"?>
<testng-results ignored="0" total="1" passed="1" failed="0" skipped="0">
  <reporter-output>
  </reporter-output>
  <suite started-at="2025-04-15T22:06:50 IST" name="Default suite" finished-at="2025-04-15T22:06:53 IST" duration-ms="2580">
    <groups>
    </groups>
    <test started-at="2025-04-15T22:06:50 IST" name="Default test" finished-at="2025-04-15T22:06:53 IST" duration-ms="2580">
      <class name="com.herokuapp.restfulbooker.CreateBookingTests">
        <test-method is-config="true" signature="setUp()[pri:0, instance:com.herokuapp.restfulbooker.CreateBookingTests@702657cc]" started-at="2025-04-15T22:06:50 IST" name="setUp" finished-at="2025-04-15T22:06:51 IST" duration-ms="320" status="PASS">
          <reporter-output>
          </reporter-output>
        </test-method> <!-- setUp -->
        <test-method signature="createBookingWithPOJOandDeserialTest()[pri:0, instance:com.herokuapp.restfulbooker.CreateBookingTests@702657cc]" started-at="2025-04-15T22:06:51 IST" name="createBookingWithPOJOandDeserialTest" finished-at="2025-04-15T22:06:53 IST" duration-ms="2231" status="PASS">
          <reporter-output>
          </reporter-output>
        </test-method> <!-- createBookingWithPOJOandDeserialTest -->
      </class> <!-- com.herokuapp.restfulbooker.CreateBookingTests -->
    </test> <!-- Default test -->
  </suite> <!-- Default suite -->
</testng-results>
